09:56:07:270 [TestNG-tests-1] INFO  testCases.TC0001_Register - Validationg conformation Message
09:56:07:379 [TestNG-tests-1] INFO  testCases.TC0001_Register - *********** TC0001_ Account Register Finished ***********
09:56:08:127 [TestNG-tests-2] INFO  testCases.TC0001_Register - Validationg conformation Message
09:56:08:174 [TestNG-tests-2] INFO  testCases.TC0001_Register - *********** TC0001_ Account Register Finished ***********
10:22:15:944 [main] INFO  testCases.TC0001_Register - *********** TC0001_ Account Register started *********** 
10:22:16:693 [main] INFO  testCases.TC0001_Register - here Clicked My account element
10:22:17:189 [main] INFO  testCases.TC0001_Register -  here Clicked register element
10:22:17:199 [main] INFO  testCases.TC0001_Register - here providing customer details for account registration
10:22:18:784 [main] INFO  testCases.TC0001_Register - Validationg conformation Message
10:22:18:836 [main] INFO  testCases.TC0001_Register - *********** TC0001_ Account Register Finished ***********
10:24:07:327 [main] INFO  testCases.TC0001_Register - *********** TC0001_ Account Register started *********** 
10:24:07:892 [main] INFO  testCases.TC0001_Register - here Clicked My account element
10:24:08:408 [main] INFO  testCases.TC0001_Register -  here Clicked register element
10:24:08:411 [main] INFO  testCases.TC0001_Register - here providing customer details for account registration
10:24:09:991 [main] INFO  testCases.TC0001_Register - Validationg conformation Message
10:24:10:044 [main] INFO  testCases.TC0001_Register - *********** TC0001_ Account Register Finished ***********
14:42:38:464 [main] INFO  testCases.TC0002_Login - *********************TC0002_Login Test Case Started***********************
14:42:39:020 [main] INFO  testCases.TC0002_Login - Sending user details like email password
14:42:40:253 [main] INFO  testCases.TC0002_Login - Verifying My account page is opend or not
14:43:06:065 [main] INFO  testCases.TC0002_Login - *********************TC0002_Login Test Case Started***********************
14:43:07:277 [main] INFO  testCases.TC0002_Login - Sending user details like email password
14:43:08:643 [main] INFO  testCases.TC0002_Login - Verifying My account page is opend or not
14:46:29:386 [main] INFO  testCases.TC0002_Login - *********************TC0002_Login Test Case Started***********************
14:46:30:501 [main] INFO  testCases.TC0002_Login - Sending user details like email password
14:46:31:718 [main] INFO  testCases.TC0002_Login - Verifying My account page is opend or not
14:46:31:723 [main] INFO  testCases.TC0002_Login - **************************TC0002_Login Test Case finished
18:14:52:102 [main] INFO  testCases.TC0003_LoginDDT - *********************TC0003_LoginDDT testcase started*******************
18:14:54:101 [main] INFO  testCases.TC0003_LoginDDT - *************************TC0003_LoginDDT test case finished*******************
18:14:54:111 [main] INFO  testCases.TC0003_LoginDDT - *********************TC0003_LoginDDT testcase started*******************
18:15:05:315 [main] INFO  testCases.TC0003_LoginDDT - *************************TC0003_LoginDDT test case finished*******************
18:15:05:324 [main] INFO  testCases.TC0003_LoginDDT - *********************TC0003_LoginDDT testcase started*******************
18:15:16:513 [main] INFO  testCases.TC0003_LoginDDT - *************************TC0003_LoginDDT test case finished*******************
18:15:16:521 [main] INFO  testCases.TC0003_LoginDDT - *********************TC0003_LoginDDT testcase started*******************
18:15:18:226 [main] INFO  testCases.TC0003_LoginDDT - *************************TC0003_LoginDDT test case finished*******************
18:15:18:252 [main] INFO  testCases.TC0003_LoginDDT - *********************TC0003_LoginDDT testcase started*******************
18:15:19:907 [main] INFO  testCases.TC0003_LoginDDT - *************************TC0003_LoginDDT test case finished*******************
09:20:26:858 [main] INFO  testCases.TC0001_Register - *********** TC0001_ Account Register started *********** 
09:20:27:597 [main] INFO  testCases.TC0001_Register - here Clicked My account element
09:20:28:073 [main] INFO  testCases.TC0001_Register -  here Clicked register element
09:20:28:082 [main] INFO  testCases.TC0001_Register - here providing customer details for account registration
09:20:29:835 [main] INFO  testCases.TC0001_Register - Validationg conformation Message
09:20:29:896 [main] INFO  testCases.TC0001_Register - *********** TC0001_ Account Register Finished ***********
09:20:32:648 [main] INFO  testCases.TC0002_Login - *********************TC0002_Login Test Case Started***********************
09:20:33:706 [main] INFO  testCases.TC0002_Login - Sending user details like email password
09:20:34:781 [main] INFO  testCases.TC0002_Login - Verifying My account page is opend or not
09:20:34:783 [main] INFO  testCases.TC0002_Login - **************************TC0002_Login Test Case finished*********************
