18:10:10:993 [main] INFO  testCases.TC0001_Register - *********** TC0001_ Account Register started *********** 
18:10:11:695 [main] INFO  testCases.TC0001_Register - here Clicked My account element
18:10:12:308 [main] INFO  testCases.TC0001_Register -  here Clicked register element
18:10:12:310 [main] INFO  testCases.TC0001_Register - here providing customer details for account registration
18:10:13:949 [main] INFO  testCases.TC0001_Register - Validationg conformation Message
18:10:14:006 [main] INFO  testCases.TC0001_Register - *********** TC0001_ Account Register Finished ***********
18:28:37:986 [main] INFO  testCases.TC0001_Register - *********** TC0001_ Account Register started *********** 
18:28:38:747 [main] INFO  testCases.TC0001_Register - here Clicked My account element
18:28:39:317 [main] INFO  testCases.TC0001_Register -  here Clicked register element
18:28:39:324 [main] INFO  testCases.TC0001_Register - here providing customer details for account registration
18:28:41:290 [main] INFO  testCases.TC0001_Register - Validationg conformation Message
18:28:41:347 [main] INFO  testCases.TC0001_Register - *********** TC0001_ Account Register Finished ***********
09:37:41:508 [main] INFO  testCases.TC0001_Register - *********** TC0001_ Account Register started *********** 
09:37:42:374 [main] INFO  testCases.TC0001_Register - here Clicked My account element
09:37:42:914 [main] INFO  testCases.TC0001_Register -  here Clicked register element
09:37:42:919 [main] INFO  testCases.TC0001_Register - here providing customer details for account registration
09:37:44:974 [main] INFO  testCases.TC0001_Register - Validationg conformation Message
09:37:45:049 [main] INFO  testCases.TC0001_Register - *********** TC0001_ Account Register Finished ***********
09:39:47:232 [main] INFO  testCases.TC0001_Register - *********** TC0001_ Account Register started *********** 
09:39:48:056 [main] INFO  testCases.TC0001_Register - here Clicked My account element
09:39:48:642 [main] INFO  testCases.TC0001_Register -  here Clicked register element
09:39:48:645 [main] INFO  testCases.TC0001_Register - here providing customer details for account registration
09:39:50:564 [main] INFO  testCases.TC0001_Register - Validationg conformation Message
09:39:50:627 [main] INFO  testCases.TC0001_Register - *********** TC0001_ Account Register Finished ***********
09:40:48:983 [main] INFO  testCases.TC0001_Register - *********** TC0001_ Account Register started *********** 
09:40:49:263 [main] INFO  testCases.TC0001_Register - here Clicked My account element
09:40:49:818 [main] INFO  testCases.TC0001_Register -  here Clicked register element
09:40:49:824 [main] INFO  testCases.TC0001_Register - here providing customer details for account registration
09:40:51:719 [main] INFO  testCases.TC0001_Register - Validationg conformation Message
09:40:51:774 [main] INFO  testCases.TC0001_Register - *********** TC0001_ Account Register Finished ***********
09:50:36:522 [main] INFO  testCases.TC0001_Register - *********** TC0001_ Account Register started *********** 
09:50:37:283 [main] INFO  testCases.TC0001_Register - here Clicked My account element
09:50:37:801 [main] INFO  testCases.TC0001_Register -  here Clicked register element
09:50:37:804 [main] INFO  testCases.TC0001_Register - here providing customer details for account registration
09:50:39:401 [main] INFO  testCases.TC0001_Register - Validationg conformation Message
09:50:39:453 [main] INFO  testCases.TC0001_Register - *********** TC0001_ Account Register Finished ***********
09:50:44:247 [main] INFO  testCases.TC0001_Register - *********** TC0001_ Account Register started *********** 
09:50:44:440 [main] INFO  testCases.TC0001_Register - here Clicked My account element
09:50:44:965 [main] INFO  testCases.TC0001_Register -  here Clicked register element
09:50:44:967 [main] INFO  testCases.TC0001_Register - here providing customer details for account registration
09:50:46:686 [main] INFO  testCases.TC0001_Register - Validationg conformation Message
09:50:46:734 [main] INFO  testCases.TC0001_Register - *********** TC0001_ Account Register Finished ***********
09:56:01:745 [TestNG-tests-1] INFO  testCases.TC0001_Register - *********** TC0001_ Account Register started *********** 
09:56:03:460 [TestNG-tests-1] INFO  testCases.TC0001_Register - here Clicked My account element
09:56:04:311 [TestNG-tests-1] INFO  testCases.TC0001_Register -  here Clicked register element
09:56:04:313 [TestNG-tests-1] INFO  testCases.TC0001_Register - here providing customer details for account registration
09:56:04:691 [TestNG-tests-2] INFO  testCases.TC0001_Register - *********** TC0001_ Account Register started *********** 
09:56:04:917 [TestNG-tests-2] INFO  testCases.TC0001_Register - here Clicked My account element
09:56:05:638 [TestNG-tests-2] INFO  testCases.TC0001_Register -  here Clicked register element
09:56:05:642 [TestNG-tests-2] INFO  testCases.TC0001_Register - here providing customer details for account registration
